Build started 26.12.2018 0:10:58.
     1>Project "C:\study\TP\COSMOSTARS\COSMOSTARS\COSMOSTARS.vcxproj" on node 2 (build target(s)).
     1>InitializeBuildStatus:
         Creating "Release\COSMOSTARS.unsuccessfulbuild" because "AlwaysCreate" was specified.
       ClCompile:
         C:\Program Files (x86)\Microsoft Visual Studio 10.0\VC\bin\CL.exe /c /Ic:\study\TP\cosmostars\cosmostars\sfml\include /Zi /nologo /W3 /WX- /O2 /Oi /Oy- /GL /D SMFL_DYNAMIC /D WIN32 /D NDEBUG /D _CONSOLE /D _UNICODE /D UNICODE /Gm- /EHsc /MD /GS /Gy /fp:precise /Zc:wchar_t /Zc:forScope /Fo"Release\\" /Fd"Release\vc100.pdb" /Gd /TP /analyze- /errorReport:prompt Entity.cpp
         Entity.cpp
       Link:
         C:\Program Files (x86)\Microsoft Visual Studio 10.0\VC\bin\link.exe /ERRORREPORT:PROMPT /OUT:"C:\study\TP\COSMOSTARS\Release\COSMOSTARS.exe" /INCREMENTAL:NO /NOLOGO /LIBPATH:c:\study\TP\cosmostars\cosmostars\sfml\lib "sfml-window-s.lib" "sfml-window.lib" "sfml-system-s.lib" "sfml-system.lib" "sfml-network-s.lib" "sfml-network.lib" "sfml-main.lib" "sfml-graphics.lib" "sfml-audio-s.lib" kernel32.lib user32.lib gdi32.lib winspool.lib comdlg32.lib advapi32.lib shell32.lib ole32.lib oleaut32.lib uuid.lib odbc32.lib odbccp32.lib kernel32.lib user32.lib gdi32.lib winspool.lib comdlg32.lib advapi32.lib shell32.lib ole32.lib oleaut32.lib uuid.lib odbc32.lib odbccp32.lib /MANIFEST /ManifestFile:"Release\COSMOSTARS.exe.intermediate.manifest" /MANIFESTUAC:"level='asInvoker' uiAccess='false'" /DEBUG /PDB:"C:\study\TP\COSMOSTARS\Release\COSMOSTARS.pdb" /SUBSYSTEM:CONSOLE /OPT:REF /OPT:ICF /LTCG /TLBID:1 /DYNAMICBASE /NXCOMPAT /IMPLIB:"C:\study\TP\COSMOSTARS\Release\COSMOSTARS.lib" /MACHINE:X86 Release\Asteroid.obj
         Release\Bonus.obj
         Release\Entity.obj
         Release\Laser.obj
         Release\main.obj
         Release\Map.obj
         Release\Player.obj
     1>LINK : fatal error LNK1104: cannot open file 'C:\study\TP\COSMOSTARS\Release\COSMOSTARS.exe'
     1>Done Building Project "C:\study\TP\COSMOSTARS\COSMOSTARS\COSMOSTARS.vcxproj" (build target(s)) -- FAILED.

Build FAILED.

Time Elapsed 00:00:02.30
